[Nest] 2021-04-28T18:42:29.753Z info [NestApplication] - Nest application successfully started 
[Nest] 2021-04-28T18:42:29.764Z info [@app] - Application is running on port undefined... 
[Nest] 2021-04-28T18:45:18.537Z info [NestApplication] - Nest application successfully started 
[Nest] 2021-04-28T18:45:18.541Z info [@app] - Application is running on port 3031... 
[Nest] 2021-04-28T19:38:47.565Z info [NestApplication] - Nest application successfully started 
[Nest] 2021-04-28T19:38:47.568Z info [@app] - Application is running on port 3031... 
[http-rest] 2021-04-28T19:39:18.763Z info HTTP GET /notes 3ms request: {"req":{"url":"/notes","headers":{"user-agent":"PostmanRuntime/7.26.8","accept":"*/*","postman-token":"7524ba16-b6eb-4d25-80ae-363e1dc32ab7","host":"localhost:3031","accept-encoding":"gzip, deflate, br","connection":"keep-alive"},"method":"GET","httpVersion":"1.1","originalUrl":"/notes","query":{}},"res":{"statusCode":404,"body":{"statusCode":404,"message":"Cannot GET /notes","error":"Not Found"}},"responseTime":3}
[http-rest] 2021-04-28T19:39:26.351Z info HTTP GET /api/notes 0ms request: {"req":{"url":"/api/notes","headers":{"user-agent":"PostmanRuntime/7.26.8","accept":"*/*","postman-token":"6f34ec96-ec96-460a-8cca-26c247c127f2","host":"localhost:3031","accept-encoding":"gzip, deflate, br","connection":"keep-alive"},"method":"GET","httpVersion":"1.1","originalUrl":"/api/notes","query":{}},"res":{"statusCode":404,"body":{"statusCode":404,"message":"Cannot GET /api/notes","error":"Not Found"}},"responseTime":0}
[Nest] 2021-04-28T19:39:54.025Z info [RoutesResolver] - NotesController {/notes}: 
[Nest] 2021-04-28T19:39:54.031Z info [RouterExplorer] - Mapped {/notes, GET} route 
[Nest] 2021-04-28T19:39:54.032Z info [RouterExplorer] - Mapped {/notes, POST} route 
[Nest] 2021-04-28T19:39:54.132Z info [NestApplication] - Nest application successfully started 
[Nest] 2021-04-28T19:39:54.133Z info [@app] - Application is running on port 3031... 
[http-rest] 2021-04-28T19:40:01.834Z info HTTP GET /api/notes 6ms request: {"req":{"url":"/api/notes","headers":{"user-agent":"PostmanRuntime/7.26.8","accept":"*/*","postman-token":"d82056e8-2f78-45f1-96aa-979bdbe424b5","host":"localhost:3031","accept-encoding":"gzip, deflate, br","connection":"keep-alive"},"method":"GET","httpVersion":"1.1","originalUrl":"/api/notes","query":{}},"res":{"statusCode":404,"body":{"statusCode":404,"message":"Cannot GET /api/notes","error":"Not Found"}},"responseTime":6}
[http-rest] 2021-04-28T19:40:06.537Z info HTTP GET /notes 54ms request: {"req":{"url":"/notes","headers":{"user-agent":"PostmanRuntime/7.26.8","accept":"*/*","postman-token":"091db23a-8322-423e-a992-955086313bf6","host":"localhost:3031","accept-encoding":"gzip, deflate, br","connection":"keep-alive"},"method":"GET","httpVersion":"1.1","originalUrl":"/notes","query":{}},"res":{"statusCode":200,"body":[]},"responseTime":54}
[http-rest] 2021-04-28T19:41:10.742Z info HTTP POST /notes 29ms request: {"req":{"url":"/notes","headers":{"content-type":"application/json","user-agent":"PostmanRuntime/7.26.8","accept":"*/*","postman-token":"13262b9c-85e6-487f-a231-0def82ab71c9","host":"localhost:3031","accept-encoding":"gzip, deflate, br","connection":"keep-alive","content-length":"177"},"method":"POST","httpVersion":"1.1","originalUrl":"/notes","query":{},"body":{"title":"Minha nota","content":"content","tags":[{"label":"alface"},{"label":"tomate"}]}},"res":{"statusCode":500,"body":{"statusCode":500,"message":"Internal server error"}},"responseTime":29}
[Nest] 2021-04-28T19:41:10.749Z error [ExceptionsHandler] - 
Invalid `prisma.note.create()` invocation:

{
  data: {
    title: 'Minha nota',
    content: 'content',
    tags: {
      connectOrCreate: {
        '0': {
          create: {
            tag: {
            ~~~
              connectOrCreate: {
                create: {
                  label: 'alface'
                },
                where: {
                  id: undefined
                }
              }
            },
+           tagId: String
          },
          where: {
?           noteId_tagId?: NoteTagNoteIdTagIdCompoundUniqueInput
          }
        },
        '1': {
          create: {
            tag: {
            ~~~
              connectOrCreate: {
                create: {
                  label: 'tomate'
                },
                where: {
                  id: undefined
                }
              }
            },
+           tagId: String
          },
          where: {
?           noteId_tagId?: NoteTagNoteIdTagIdCompoundUniqueInput
          }
        }
      }
    }
  }
}

Unknown arg `tag` in data.tags.connectOrCreate.0.create.tag for type NoteTagUncheckedCreateWithoutNoteInput. Did you mean `tagId`?
Argument tagId for data.tags.connectOrCreate.0.create.tagId is missing.
Argument data.tags.connectOrCreate.0.where of type NoteTagWhereUniqueInput needs at least one argument. Available args are listed in green.
Unknown arg `tag` in data.tags.connectOrCreate.1.create.tag for type NoteTagUncheckedCreateWithoutNoteInput. Did you mean `tagId`?
Argument tagId for data.tags.connectOrCreate.1.create.tagId is missing.
Argument data.tags.connectOrCreate.1.where of type NoteTagWhereUniqueInput needs at least one argument. Available args are listed in green.

Note: Lines with + are required, lines with ? are optional.
 
[Nest] 2021-04-28T19:43:48.675Z info [RoutesResolver] - NotesController {/notes}: 
[Nest] 2021-04-28T19:43:48.679Z info [RouterExplorer] - Mapped {/notes, GET} route 
[Nest] 2021-04-28T19:43:48.680Z info [RouterExplorer] - Mapped {/notes, POST} route 
[Nest] 2021-04-28T19:43:48.796Z info [NestApplication] - Nest application successfully started 
[Nest] 2021-04-28T19:43:48.797Z info [@app] - Application is running on port 3031... 
[Nest] 2021-04-28T19:46:00.509Z info [RoutesResolver] - NotesController {/notes}: 
[Nest] 2021-04-28T19:46:00.514Z info [RouterExplorer] - Mapped {/notes, GET} route 
[Nest] 2021-04-28T19:46:00.514Z info [RouterExplorer] - Mapped {/notes, POST} route 
[Nest] 2021-04-28T19:46:00.631Z info [NestApplication] - Nest application successfully started 
[Nest] 2021-04-28T19:46:00.632Z info [@app] - Application is running on port 3031... 
[http-rest] 2021-04-28T19:46:16.170Z info HTTP POST /notes 79ms request: {"req":{"url":"/notes","headers":{"content-type":"application/json","user-agent":"PostmanRuntime/7.26.8","accept":"*/*","postman-token":"84d1e328-d270-4a11-9543-ffe93f4d176b","host":"localhost:3031","accept-encoding":"gzip, deflate, br","connection":"keep-alive","content-length":"177"},"method":"POST","httpVersion":"1.1","originalUrl":"/notes","query":{},"body":{"title":"Minha nota","content":"content","tags":[{"label":"alface"},{"label":"tomate"}]}},"res":{"statusCode":201,"body":{"id":"76a440f5-40d8-4eb0-a3d3-e2af8a6ad0fa","title":"Minha nota","content":"content"}},"responseTime":79}
[Nest] 2021-04-28T19:46:33.885Z info [RoutesResolver] - NotesController {/notes}: 
[Nest] 2021-04-28T19:46:33.891Z info [RouterExplorer] - Mapped {/notes, GET} route 
[Nest] 2021-04-28T19:46:33.892Z info [RouterExplorer] - Mapped {/notes, POST} route 
[Nest] 2021-04-28T19:46:34.015Z info [NestApplication] - Nest application successfully started 
[Nest] 2021-04-28T19:46:34.017Z info [@app] - Application is running on port 3031... 
[http-rest] 2021-04-28T19:46:35.576Z info HTTP GET /notes 56ms request: {"req":{"url":"/notes","headers":{"user-agent":"PostmanRuntime/7.26.8","accept":"*/*","postman-token":"c8455f03-9b9a-471d-9a98-66d68631116e","host":"localhost:3031","accept-encoding":"gzip, deflate, br","connection":"keep-alive"},"method":"GET","httpVersion":"1.1","originalUrl":"/notes","query":{}},"res":{"statusCode":200,"body":[{"id":"76a440f5-40d8-4eb0-a3d3-e2af8a6ad0fa","title":"Minha nota","content":"content","tags":[{"noteId":"76a440f5-40d8-4eb0-a3d3-e2af8a6ad0fa","tagId":"7af5fcb9-df23-429d-846a-6f410d76c99b"},{"noteId":"76a440f5-40d8-4eb0-a3d3-e2af8a6ad0fa","tagId":"e191eb04-b8bb-4dad-8521-a8d53ab70101"}]}]},"responseTime":56}
[Nest] 2021-04-28T19:46:59.228Z info [RoutesResolver] - NotesController {/notes}: 
[Nest] 2021-04-28T19:46:59.232Z info [RouterExplorer] - Mapped {/notes, GET} route 
[Nest] 2021-04-28T19:46:59.233Z info [RouterExplorer] - Mapped {/notes, POST} route 
[Nest] 2021-04-28T19:46:59.316Z info [NestApplication] - Nest application successfully started 
[Nest] 2021-04-28T19:46:59.317Z info [@app] - Application is running on port 3031... 
[Nest] 2021-04-28T19:47:04.898Z info [RoutesResolver] - NotesController {/notes}: 
[Nest] 2021-04-28T19:47:04.902Z info [RouterExplorer] - Mapped {/notes, GET} route 
[Nest] 2021-04-28T19:47:04.903Z info [RouterExplorer] - Mapped {/notes, POST} route 
[Nest] 2021-04-28T19:47:05.027Z info [NestApplication] - Nest application successfully started 
[Nest] 2021-04-28T19:47:05.029Z info [@app] - Application is running on port 3031... 
[http-rest] 2021-04-28T19:47:07.149Z info HTTP GET /notes 44ms request: {"req":{"url":"/notes","headers":{"user-agent":"PostmanRuntime/7.26.8","accept":"*/*","postman-token":"67323ed9-0960-416c-b447-1721e8dee0b4","host":"localhost:3031","accept-encoding":"gzip, deflate, br","connection":"keep-alive"},"method":"GET","httpVersion":"1.1","originalUrl":"/notes","query":{}},"res":{"statusCode":200,"body":[{"id":"76a440f5-40d8-4eb0-a3d3-e2af8a6ad0fa","title":"Minha nota","content":"content","tags":[{"tag":{"label":"alface"}},{"tag":{"label":"tomate"}}]}]},"responseTime":44}
[Nest] 2021-04-28T19:48:09.287Z info [RoutesResolver] - NotesController {/notes}: 
[Nest] 2021-04-28T19:48:09.294Z info [RouterExplorer] - Mapped {/notes, GET} route 
[Nest] 2021-04-28T19:48:09.295Z info [RouterExplorer] - Mapped {/notes, POST} route 
[Nest] 2021-04-28T19:48:09.403Z info [NestApplication] - Nest application successfully started 
[Nest] 2021-04-28T19:48:09.404Z info [@app] - Application is running on port 3031... 
[Nest] 2021-04-28T19:48:15.862Z info [RoutesResolver] - NotesController {/notes}: 
[Nest] 2021-04-28T19:48:15.867Z info [RouterExplorer] - Mapped {/notes, GET} route 
[Nest] 2021-04-28T19:48:15.868Z info [RouterExplorer] - Mapped {/notes, POST} route 
[Nest] 2021-04-28T19:48:15.979Z info [NestApplication] - Nest application successfully started 
[Nest] 2021-04-28T19:48:15.985Z info [@app] - Application is running on port 3031... 
[http-rest] 2021-04-28T19:48:17.515Z info HTTP GET /notes 79ms request: {"req":{"url":"/notes","headers":{"user-agent":"PostmanRuntime/7.26.8","accept":"*/*","postman-token":"d28e9b6f-0f6a-43d3-990d-e633ef57be12","host":"localhost:3031","accept-encoding":"gzip, deflate, br","connection":"keep-alive"},"method":"GET","httpVersion":"1.1","originalUrl":"/notes","query":{}},"res":{"statusCode":200,"body":[{"id":"76a440f5-40d8-4eb0-a3d3-e2af8a6ad0fa","title":"Minha nota","content":"content","tags":[{"noteId":"76a440f5-40d8-4eb0-a3d3-e2af8a6ad0fa","tagId":"7af5fcb9-df23-429d-846a-6f410d76c99b","tag":{"id":"7af5fcb9-df23-429d-846a-6f410d76c99b","label":"alface"}},{"noteId":"76a440f5-40d8-4eb0-a3d3-e2af8a6ad0fa","tagId":"e191eb04-b8bb-4dad-8521-a8d53ab70101","tag":{"id":"e191eb04-b8bb-4dad-8521-a8d53ab70101","label":"tomate"}}]}]},"responseTime":79}
